
 <<<+-  parallelization init  -+>>>

 Open MPI v5.0.7, package: Open MPI conda@f424a898794e Distribution, ident: 5.0.7, repo rev: v5.0.7, Feb 14, 2025
 MPI standard: 3.1
 OpenMP version: 201511

 MPI processes: 1
 Could not get $OMP_NUM_THREADS, using default
 OMP_NUM_THREADS: 4

 <<<+-  CLI init  -+>>>

     _/_/_/      _/_/    _/      _/    _/_/      _/_/_/  _/    _/    _/_/_/
    _/    _/  _/    _/  _/_/  _/_/  _/    _/  _/        _/  _/            _/
   _/    _/  _/_/_/_/  _/  _/  _/  _/_/_/_/    _/_/    _/_/          _/_/
  _/    _/  _/    _/  _/      _/  _/    _/        _/  _/  _/            _/
 _/_/_/    _/    _/  _/      _/  _/    _/  _/_/_/    _/    _/    _/_/_/
 Grid solver

 F. Roters et al., Computational Materials Science 158:420–478, 2019
 https://doi.org/10.1016/j.commatsci.2018.04.030

 S. Balay et al., PETSc/TAO User Manual Revision 3.22

 Version: v3.0.1

 Compiled with: GCC version 13.3.0
 Compiled on: Linux-6.5.0-1025-azure

 Compiled on: Jan  6 2025 at 12:17:19

 PETSc version: 3.22.2

 Date: 29/05/2025
 Time: 09:06:16

 Host name: localhost.localdomain
 User name: doelz-admin

 Command line call:      DAMASK_grid --load load_trial.yaml --geom grid.vti --material material.yaml --jobname trialLS2 --restart 40

 Working directory:      /home/doelz-admin/projects/damask_jfnk/workdir
 Geometry:               grid.vti
 Load case:              load_trial.yaml
 Material config:        material.yaml
 Solver job name:        trialLS2
 Restart from increment: 000040

 <<<+-  system_routines init  -+>>>

 <<<+-  prec init  -+>>>

 integer size / bit:   32
   maximum value:              2147483647

 real size / bit:      64
   maximum value:      0.180+309
   minimum value:      0.223-307
   epsilon value:      0.222E-15
   decimal precision:  15

 <<<+-  misc init  -+>>>

 <<<+-  IO init  -+>>>

 <<<+-  base64 init  -+>>>

 <<<+-  types init  -+>>>

 <<<+-  YAML init  -+>>>

 libfyaml powered

 <<<+-  HDF5_utilities init  -+>>>

 <<<+-  result init  -+>>>

 M. Diehl et al., Integrating Materials and Manufacturing Innovation 6(1):83–91, 2017
 https://doi.org/10.1007/s40192-017-0084-5

 <<<+-  config init  -+>>>

 reading material configuration

 <<<+-  math init  -+>>>

 size  of random seed:      8
 value of random seed:      -1555834541  -140796477   908357478   353807074   186017033 -2001164502  -103831352  1866327524
 start of random sequence: 
                           0.87273097849998
                           0.58494600354191
                           0.47054663566806
                           0.66880629497128

 <<<+-  rotations init  -+>>>

 D. Rowenhorst et al., Modelling and Simulation in Materials Science and Engineering 23:083501, 2015
 https://doi.org/10.1088/0965-0393/23/8/083501

 <<<+-  polynomials init  -+>>>

 <<<+-  tables init  -+>>>

 <<<+-  crystal init  -+>>>

 <<<+-  discretization_grid init  -+>>>

 cells:  26 × 26 × 26
 size:   2.50E-05 × 2.50E-05 × 2.50E-05 m³
 origin:  0.00E+00  0.00E+00  0.00E+00 m

 <<<+-  discretization init  -+>>>

 <<<+-  material init  -+>>>

 parsed material.yaml

 <<<+-  phase init  -+>>>

 phase 1: Ferrite

 phase 2: Martensite

 <<<+-  phase:mechanical init  -+>>>

 <<<+-  phase:mechanical:elastic init  -+>>>

 <<<+-  phase:mechanical:elastic:Hooke init  -+>>>

 # phases: 2

 phase 1: Ferrite

 phase 2: Martensite

 <<<+-  phase:mechanical:plasticity init  -+>>>

 <<<+-  phase:mechanical:plastic:isotropic init  -+>>>

 T. Maiti and P. Eisenlohr, Scripta Materialia 145:37–40, 2018
 https://doi.org/10.1016/j.scriptamat.2017.09.047

 # phases: 1

 phase 2: Martensite

 <<<+-  phase:mechanical:plastic:phenopowerlaw init  -+>>>

 # phases: 1

 phase 1: Ferrite

 <<<+-  phase:mechanical:eigen init  -+>>>

 <<<+-  phase:damage init  -+>>>

 <<<+-  phase:thermal init  -+>>>

 <<<+-  homogenization init  -+>>>

 <<<+-  homogenization:mechanical init  -+>>>

 <<<+-  homogenization:mechanical:pass init  -+>>>

 # homogenizations: 1

 <<<+-  homogenization:thermal init  -+>>>

 <<<+-  homogenization:damage init  -+>>>

 <<<+-  homogenization:damage:pass init  -+>>>

 <<<+-  materialpoint init  -+>>>

 loading restart information of increment 40

 deallocating material configuration

 <<<+-  DAMASK_grid init  -+>>>

 P. Shanthraj et al., Handbook of Mechanics of Materials, 2019
 https://doi.org/10.1007/978-981-10-6855-3_80

 <<<+-  spectral_utilities init  -+>>>

 M. Diehl, Diploma Thesis TU München, 2010
 https://doi.org/10.13140/2.1.3234.3840

 P. Eisenlohr et al., International Journal of Plasticity 46:37–53, 2013
 https://doi.org/10.1016/j.ijplas.2012.09.012

 P. Shanthraj et al., International Journal of Plasticity 66:31–45, 2015
 https://doi.org/10.1016/j.ijplas.2014.02.006

 P. Shanthraj et al., Handbook of Mechanics of Materials, 2019
 https://doi.org/10.1007/978-981-10-6855-3_80

 M. Frigo and S.G. Johnson, Proceedings of the IEEE 93(2):216–231, 2005
 https://doi.org/10.1109/jproc.2004.840301

 FFTW initialized

 <<<+-  grid_mechanical_spectral_polarization init  -+>>>

 P. Shanthraj et al., International Journal of Plasticity 66:31–45, 2015
 https://doi.org/10.1016/j.ijplas.2014.02.006

 loading restart data of increment 40

 ... evaluating constitutive response ......................................

 Piola--Kirchhoff stress       / MPa =
      197.6605       -19.7315        -2.5402
      -11.4070       -17.9800        -1.5605
       -1.3025        -1.3841       -52.6023
 loading additional restart data of increment 40

 load case: 1
  estimate_rate: F
  F:
     1.0010053     0.0000000     0.0000000
     0.0000000     0.9997091     0.0000000
     0.0000000     0.0000000     0.9994629
  P / MPa:
       x             x             x      
       x             x             x      
       x             x             x      
  r: 1 (constant step width)
  t: .960
  N: 4
  f_out: 1
  f_restart: 1

 load case: 2
  estimate_rate: T
  F:
     1.0014184     0.0000000     0.0000000
     0.0000000     0.9995841     0.0000000
     0.0000000     0.0000000     0.9992334
  P / MPa:
       x             x             x      
       x             x             x      
       x             x             x      
  r: 1 (constant step width)
  t: .399
  N: 4
  f_out: 1
  f_restart: 1

 load case: 3
  estimate_rate: T
  F:
     1.0028787     0.0000000     0.0000000
     0.0000000     0.9990708     0.0000000
     0.0000000     0.0000000     0.9983484
  P / MPa:
       x             x             x      
       x             x             x      
       x             x             x      
  r: 1 (constant step width)
  t: 1.454
  N: 4
  f_out: 1
  f_restart: 1

 load case: 4
  estimate_rate: T
  F:
     1.2660280     0.0000000     0.0000000
     0.0000000     0.9171754     0.0000000
     0.0000000     0.0000000     0.8617986
  P / MPa:
       x             x             x      
       x             x             x      
       x             x             x      
  r: 1 (constant step width)
  t: 235.572
  N: 4
  f_out: 1
  f_restart: 1

 load case: 5
  estimate_rate: T
  F:
     1.4962345     0.0000000     0.0000000
     0.0000000     0.8679502     0.0000000
     0.0000000     0.0000000     0.7704786
  P / MPa:
       x             x             x      
       x             x             x      
       x             x             x      
  r: 1 (constant step width)
  t: 170.295
  N: 4
  f_out: 1
  f_restart: 1

 load case: 6
  estimate_rate: T
  F:
     1.4999996     0.0000000     0.0000000
     0.0000000     0.8671724     0.0000000
     0.0000000     0.0000000     0.7691421
  P / MPa:
       x             x             x      
       x             x             x      
       x             x             x      
  r: 1 (constant step width)
  t: 2.599
  N: 4
  f_out: 1
  f_restart: 1

 load case: 7
  estimate_rate: T
  F:
     1.4999996     0.0000000     0.0000000
     0.0000000     0.8671724     0.0000000
     0.0000000     0.0000000     0.7691421
  P / MPa:
       x             x             x      
       x             x             x      
       x             x             x      
  r: 1 (constant step width)
  t: .000
  N: 4
  f_out: 1
  f_restart: 1

 load case: 8
  estimate_rate: T
  F:
     1.4999996     0.0000000     0.0000000
     0.0000000     0.8671724     0.0000000
     0.0000000     0.0000000     0.7691421
  P / MPa:
       x             x             x      
       x             x             x      
       x             x             x      
  r: 1 (constant step width)
  t: .000
  N: 4
  f_out: 1
  f_restart: 1

 load case: 9
  estimate_rate: T
  F:
     1.4999996     0.0000000     0.0000000
     0.0000000     0.8671724     0.0000000
     0.0000000     0.0000000     0.7691421
  P / MPa:
       x             x             x      
       x             x             x      
       x             x             x      
  r: 1 (constant step width)
  t: .000
  N: 4
  f_out: 1
  f_restart: 1

 load case: 10
  estimate_rate: T
  F:
     1.4999996     0.0000000     0.0000000
     0.0000000     0.8671724     0.0000000
     0.0000000     0.0000000     0.7691421
  P / MPa:
       x             x             x      
       x             x             x      
       x             x             x      
  r: 1 (constant step width)
  t: .000
  N: 4
  f_out: 1
  f_restart: 1

 load case: 11
  estimate_rate: T
  F:
     1.4999996     0.0000000     0.0000000
     0.0000000     0.8671724     0.0000000
     0.0000000     0.0000000     0.7691421
  P / MPa:
       x             x             x      
       x             x             x      
       x             x             x      
  r: 1 (constant step width)
  t: .000
  N: 2
  f_out: 1
  f_restart: 1

 ###########################################################################
 Time  4.11280E+02s: Increment 1/2-1/1 of load case 11/11
 Increment 41/42-1/1 @ Iteration 1≤0≤100

 deformation gradient aim       =
   1.4999996    0.0000000    0.0000000
   0.0000000    0.8671724    0.0000000
   0.0000000    0.0000000    0.7691421

 ... doing gamma convolution ...............................................

 ... evaluating constitutive response ......................................
  Cell            1  failed (mechanics)

 Piola--Kirchhoff stress       / MPa =
      197.6605       -19.7315        -2.5402
      -11.4070       -17.9800        -1.5605
       -1.3025        -1.3841       -52.6023

 ... reporting .............................................................

 error divergence =         0.21 (2.09E+04 / m, tol =  9.88E+04)
 error curl       =     77482.52 (1.94E+01 -,   tol =  2.50E-04)
 error mech BC    =         0.00 (6.64E-05 Pa,  tol =  1.98E+05)

 ===========================================================================
 Increment 41/42-1/1 @ Iteration 1≤1≤100

 deformation gradient aim       =
   1.4999996    0.0000000    0.0000000
   0.0000000    0.8671724    0.0000000
   0.0000000    0.0000000    0.7691421

 ... doing gamma convolution ...............................................

 ... evaluating constitutive response ......................................
  Cell        13183  failed (mechanics)

 Piola--Kirchhoff stress       / MPa =
      197.6605       -19.7315        -2.5402
      -11.4070       -17.9800        -1.5605
       -1.3025        -1.3841       -52.6023

 ... doing gamma convolution ...............................................

 ... evaluating constitutive response ......................................
  Cell            1  failed (mechanics)

 Piola--Kirchhoff stress       / MPa =
      197.6605       -19.7315        -2.5402
      -11.4070       -17.9800        -1.5605
       -1.3025        -1.3841       -52.6023

 ... reporting .............................................................

 error divergence =         0.21 (2.09E+04 / m, tol =  9.88E+04)
 error curl       =     77792.27 (1.94E+01 -,   tol =  2.50E-04)
 error mech BC    =    195087.44 (3.86E+10 Pa,  tol =  1.98E+05)

 ===========================================================================
 Increment 41/42-1/1 @ Iteration 1≤2≤100

 deformation gradient aim       =
   1.4999996    0.0000000    0.0000000
   0.0000000    0.8671724    0.0000000
   0.0000000    0.0000000    0.7691421

 ... doing gamma convolution ...............................................

 ... evaluating constitutive response ......................................
  Cell            1  failed (mechanics)

 Piola--Kirchhoff stress       / MPa =
      197.6605       -19.7315        -2.5402
      -11.4070       -17.9800        -1.5605
       -1.3025        -1.3841       -52.6023

 ... doing gamma convolution ...............................................

 ... evaluating constitutive response ......................................
  Cell            1  failed (mechanics)

 Piola--Kirchhoff stress       / MPa =
      197.6605       -19.7315        -2.5402
      -11.4070       -17.9800        -1.5605
       -1.3025        -1.3841       -52.6023

 ... reporting .............................................................

 error divergence =         0.21 (2.09E+04 / m, tol =  9.88E+04)
 error curl       =     77792.24 (1.94E+01 -,   tol =  2.50E-04)
 error mech BC    =    195071.03 (3.86E+10 Pa,  tol =  1.98E+05)

 ===========================================================================
 Increment 41/42-1/1 @ Iteration 1≤3≤100

 deformation gradient aim       =
   1.4999996    0.0000000    0.0000000
   0.0000000    0.8671724    0.0000000
   0.0000000    0.0000000    0.7691421

 ... doing gamma convolution ...............................................

 ... evaluating constitutive response ......................................
  Cell         8789  failed (mechanics)

 Piola--Kirchhoff stress       / MPa =
      197.6605       -19.7315        -2.5402
      -11.4070       -17.9800        -1.5605
       -1.3025        -1.3841       -52.6023

 ... doing gamma convolution ...............................................

 ... evaluating constitutive response ......................................
  Cell        13183  failed (mechanics)

 Piola--Kirchhoff stress       / MPa =
      197.6605       -19.7315        -2.5402
      -11.4070       -17.9800        -1.5605
       -1.3025        -1.3841       -52.6023

 ... reporting .............................................................

 error divergence =         0.21 (2.09E+04 / m, tol =  9.88E+04)
 error curl       =  70356103.79 (1.76E+04 -,   tol =  2.50E-04)
 error mech BC    = 491349262.17 (9.71E+13 Pa,  tol =  1.98E+05)

 ===========================================================================
 Increment 41/42-1/1 @ Iteration 1≤4≤100

 deformation gradient aim       =
   1.4999996    0.0000000    0.0000000
   0.0000000    0.8671724    0.0000000
   0.0000000    0.0000000    0.7691421

 ... doing gamma convolution ...............................................

 ... evaluating constitutive response ......................................
  Cell         4395  failed (mechanics)
  Cell            1  failed (mechanics)
  Cell        13183  failed (mechanics)
  Cell         8789  failed (mechanics)

 Piola--Kirchhoff stress       / MPa =
      197.6605       -19.7315        -2.5402
      -11.4070       -17.9800        -1.5605
       -1.3025        -1.3841       -52.6023

 ... doing gamma convolution ...............................................

 ... evaluating constitutive response ......................................
  Cell         8789  failed (mechanics)

 Piola--Kirchhoff stress       / MPa =
      197.6605       -19.7315        -2.5402
      -11.4070       -17.9800        -1.5605
       -1.3025        -1.3841       -52.6023

 ... reporting .............................................................

 error divergence =         0.21 (2.09E+04 / m, tol =  9.88E+04)
 error curl       = ************ (2.61E+08 -,   tol =  2.50E-04)
 error mech BC    = ************ (4.48E+17 Pa,  tol =  1.98E+05)

 ===========================================================================
 Increment 41/42-1/1 @ Iteration 1≤5≤100

 deformation gradient aim       =
   1.4999996    0.0000000    0.0000000
   0.0000000    0.8671724    0.0000000
   0.0000000    0.0000000    0.7691421

 ... doing gamma convolution ...............................................

 ... evaluating constitutive response ......................................
  Cell            1  failed (mechanics)
  Cell         8789  failed (mechanics)
  Cell         4395  failed (mechanics)
  Cell        13183  failed (mechanics)

 Piola--Kirchhoff stress       / MPa =
      197.6605       -19.7315        -2.5402
      -11.4070       -17.9800        -1.5605
       -1.3025        -1.3841       -52.6023

 ... doing gamma convolution ...............................................

 ... evaluating constitutive response ......................................
  Cell         4395  failed (mechanics)
  Cell         8789  failed (mechanics)

 Piola--Kirchhoff stress       / MPa =
      197.6605       -19.7315        -2.5402
      -11.4070       -17.9800        -1.5605
       -1.3025        -1.3841       -52.6023

 ... reporting .............................................................

 error divergence =         0.21 (2.09E+04 / m, tol =  9.88E+04)
 error curl       = ************ (1.36E+18 -,   tol =  2.50E-04)
 error mech BC    = ************ (2.12E+27 Pa,  tol =  1.98E+05)

 ===========================================================================
 Increment 41/42-1/1 @ Iteration 1≤6≤100

 deformation gradient aim       =
   1.4999996    0.0000000    0.0000000
   0.0000000    0.8671724    0.0000000
   0.0000000    0.0000000    0.7691421

 ... doing gamma convolution ...............................................

 ... evaluating constitutive response ......................................
  Cell         8789  failed (mechanics)
  Cell            1  failed (mechanics)

 Piola--Kirchhoff stress       / MPa =
      197.6605       -19.7315        -2.5402
      -11.4070       -17.9800        -1.5605
       -1.3025        -1.3841       -52.6023

 ... doing gamma convolution ...............................................

 ... evaluating constitutive response ......................................
  Cell         8789  failed (mechanics)

 Piola--Kirchhoff stress       / MPa =
      197.6605       -19.7315        -2.5402
      -11.4070       -17.9800        -1.5605
       -1.3025        -1.3841       -52.6023

 ... reporting .............................................................

 error divergence =         0.21 (2.09E+04 / m, tol =  9.88E+04)
 error curl       = ************ (5.05E+59 -,   tol =  2.50E-04)
 error mech BC    = ************ (3.24E+68 Pa,  tol =  1.98E+05)

 ===========================================================================
 Increment 41/42-1/1 @ Iteration 1≤7≤100

 deformation gradient aim       =
   1.4999996    0.0000000    0.0000000
   0.0000000    0.8671724    0.0000000
   0.0000000    0.0000000    0.7691421

 ... doing gamma convolution ...............................................

 ... evaluating constitutive response ......................................
  Cell         8789  failed (mechanics)
  Cell            1  failed (mechanics)
  Cell         4395  failed (mechanics)

 Piola--Kirchhoff stress       / MPa =
      197.6605       -19.7315        -2.5402
      -11.4070       -17.9800        -1.5605
       -1.3025        -1.3841       -52.6023
[0]PETSC ERROR: --------------------- Error Message --------------------------------------------------------------
[0]PETSC ERROR: Error in external library
[0]PETSC ERROR: SVD generated inconsistent output
[0]PETSC ERROR: See https://petsc.org/release/faq/ for trouble shooting.
[0]PETSC ERROR: Petsc Release Version 3.22.2, Nov 28, 2024 
[0]PETSC ERROR: DAMASK_grid with 1 MPI process(es) and PETSC_ARCH  on localhost.localdomain by doelz-admin Thu May 29 09:06:16 2025
[0]PETSC ERROR: Configure options: AR=${PREFIX}/bin/x86_64-conda-linux-gnu-ar CC=mpicc CXX=mpicxx FC=mpifort CFLAGS="-march=nocona -mtune=haswell -ftree-vectorize -fPIC -fstack-protector-strong -fno-plt -O2 -ffunction-sections -pipe -isystem /home/doelz-admin/miniforge/envs/damask/include  " CPPFLAGS="-DNDEBUG -D_FORTIFY_SOURCE=2 -O2 -isystem /home/doelz-admin/miniforge/envs/damask/include" CXXFLAGS="-fvisibility-inlines-hidden -fmessage-length=0 -march=nocona -mtune=haswell -ftree-vectorize -fPIC -fstack-protector-strong -fno-plt -O2 -ffunction-sections -pipe -isystem /home/doelz-admin/miniforge/envs/damask/include  " FFLAGS="-march=nocona -mtune=haswell -ftree-vectorize -fPIC -fstack-protector-strong -fno-plt -O2 -ffunction-sections -pipe -isystem /home/doelz-admin/miniforge/envs/damask/include -I${PREFIX}/include   -Wl,--no-as-needed" LDFLAGS="-pthread -fopenmp -Wl,-O2 -Wl,--sort-common -Wl,--as-needed -Wl,-z,relro -Wl,-z,now -Wl,--disable-new-dtags -Wl,--gc-sections -Wl,--allow-shlib-undefined -Wl,-rpath,/home/doelz-admin/miniforge/envs/damask/lib -Wl,-rpath-link,/home/doelz-admin/miniforge/envs/damask/lib -L/home/doelz-admin/miniforge/envs/damask/lib -Wl,-rpath-link,/home/doelz-admin/miniforge/envs/damask/lib" LIBS="-Wl,-rpath,/home/doelz-admin/miniforge/envs/damask/lib -lmpi_mpifh -lgfortran" --COPTFLAGS=-O3 --CXXOPTFLAGS=-O3 --FOPTFLAGS=-O3 --with-clib-autodetect=0 --with-cxxlib-autodetect=0 --with-fortranlib-autodetect=0 --with-debugging=0 --with-blas-lib=libblas.so --with-lapack-lib=liblapack.so --with-yaml=1 --with-hdf5=1 --with-fftw=1 --with-hwloc=0 --with-hypre=1 --with-metis=1 --with-mpi=1 --with-mumps=1 --with-parmetis=1 --with-pthread=1 --with-ptscotch=1 --with-shared-libraries --with-ssl=0 --with-scalapack=1 --with-superlu=1 --with-superlu_dist=1 --with-superlu_dist-include=/home/doelz-admin/miniforge/envs/damask/include/superlu-dist --with-superlu_dist-lib=-lsuperlu_dist --with-suitesparse=1 --with-suitesparse-dir=/home/doelz-admin/miniforge/envs/damask --with-x=0 --with-scalar-type=real   --with-cuda=0 --prefix=/home/doelz-admin/miniforge/envs/damask
[0]PETSC ERROR: #1 SNESNGMRESFormCombinedSolution_Private() at /home/conda/feedstock_root/build_artifacts/petsc_1736236456220/work/src/snes/impls/ngmres/ngmresfunc.c:93
[0]PETSC ERROR: #2 SNESSolve_NGMRES() at /home/conda/feedstock_root/build_artifacts/petsc_1736236456220/work/src/snes/impls/ngmres/snesngmres.c:251
[0]PETSC ERROR: #3 SNESSolve() at /home/conda/feedstock_root/build_artifacts/petsc_1736236456220/work/src/snes/interface/snes.c:4839

 increment 41 converged

 ... saving results ........................................................
 saving solver data required for restart
 saving field and constitutive data required for restart

 ###########################################################################
 Time  4.11280E+02s: Increment 2/2-1/1 of load case 11/11
 Increment 42/42-1/1 @ Iteration 1≤0≤100

 deformation gradient aim       =
   1.4999996    0.0000000    0.0000000
   0.0000000    0.8671724    0.0000000
   0.0000000    0.0000000    0.7691421

 ... doing gamma convolution ...............................................

 ... evaluating constitutive response ......................................
  Cell         8789  failed (mechanics)

 Piola--Kirchhoff stress       / MPa =
      197.6605       -19.7315        -2.5402
      -11.4070       -17.9800        -1.5605
       -1.3025        -1.3841       -52.6023

 cutting back 

 ###########################################################################
 Time  4.11280E+02s: Increment 2/2-1/2 of load case 11/11
 Increment 42/42-1/2 @ Iteration 1≤0≤100

 deformation gradient aim       =
   1.4999996    0.0000000    0.0000000
   0.0000000    0.8671724    0.0000000
   0.0000000    0.0000000    0.7691421

 ... doing gamma convolution ...............................................

 ... evaluating constitutive response ......................................
  Cell         4395  failed (mechanics)
  Cell         8789  failed (mechanics)

 Piola--Kirchhoff stress       / MPa =
      197.6605       -19.7315        -2.5402
      -11.4070       -17.9800        -1.5605
       -1.3025        -1.3841       -52.6023

 ... reporting .............................................................

 error divergence =         0.21 (2.09E+04 / m, tol =  9.88E+04)
 error curl       = ************ (2.28E+75 -,   tol =  2.50E-04)
 error mech BC    = ************ (3.57E+68 Pa,  tol =  1.98E+05)

 ===========================================================================
 Increment 42/42-1/2 @ Iteration 1≤1≤100

 deformation gradient aim       =
   1.4999996    0.0000000    0.0000000
   0.0000000    0.8671724    0.0000000
   0.0000000    0.0000000    0.7691421

 ... doing gamma convolution ...............................................

 ... evaluating constitutive response ......................................
  Cell            1  failed (mechanics)
  Cell        13183  failed (mechanics)

 Piola--Kirchhoff stress       / MPa =
      197.6605       -19.7315        -2.5402
      -11.4070       -17.9800        -1.5605
       -1.3025        -1.3841       -52.6023
[0]PETSC ERROR: --------------------- Error Message --------------------------------------------------------------
[0]PETSC ERROR:   It appears a new error in the code was triggered after a previous error, possibly because:
[0]PETSC ERROR:   -  The first error was not properly handled via (for example) the use of
[0]PETSC ERROR:      PetscCall(TheFunctionThatErrors()); or
[0]PETSC ERROR:   -  The second error was triggered while handling the first error.
[0]PETSC ERROR:   Above is the traceback for the previous unhandled error, below the traceback for the next error
[0]PETSC ERROR:   ALL ERRORS in the PETSc libraries are fatal, you should add the appropriate error checking to the code
[0]PETSC ERROR: Error in external library
[0]PETSC ERROR: SVD generated inconsistent output
[0]PETSC ERROR: See https://petsc.org/release/faq/ for trouble shooting.
[0]PETSC ERROR: Petsc Release Version 3.22.2, Nov 28, 2024 
[0]PETSC ERROR: DAMASK_grid with 1 MPI process(es) and PETSC_ARCH  on localhost.localdomain by doelz-admin Thu May 29 09:06:16 2025
[0]PETSC ERROR: Configure options: AR=${PREFIX}/bin/x86_64-conda-linux-gnu-ar CC=mpicc CXX=mpicxx FC=mpifort CFLAGS="-march=nocona -mtune=haswell -ftree-vectorize -fPIC -fstack-protector-strong -fno-plt -O2 -ffunction-sections -pipe -isystem /home/doelz-admin/miniforge/envs/damask/include  " CPPFLAGS="-DNDEBUG -D_FORTIFY_SOURCE=2 -O2 -isystem /home/doelz-admin/miniforge/envs/damask/include" CXXFLAGS="-fvisibility-inlines-hidden -fmessage-length=0 -march=nocona -mtune=haswell -ftree-vectorize -fPIC -fstack-protector-strong -fno-plt -O2 -ffunction-sections -pipe -isystem /home/doelz-admin/miniforge/envs/damask/include  " FFLAGS="-march=nocona -mtune=haswell -ftree-vectorize -fPIC -fstack-protector-strong -fno-plt -O2 -ffunction-sections -pipe -isystem /home/doelz-admin/miniforge/envs/damask/include -I${PREFIX}/include   -Wl,--no-as-needed" LDFLAGS="-pthread -fopenmp -Wl,-O2 -Wl,--sort-common -Wl,--as-needed -Wl,-z,relro -Wl,-z,now -Wl,--disable-new-dtags -Wl,--gc-sections -Wl,--allow-shlib-undefined -Wl,-rpath,/home/doelz-admin/miniforge/envs/damask/lib -Wl,-rpath-link,/home/doelz-admin/miniforge/envs/damask/lib -L/home/doelz-admin/miniforge/envs/damask/lib -Wl,-rpath-link,/home/doelz-admin/miniforge/envs/damask/lib" LIBS="-Wl,-rpath,/home/doelz-admin/miniforge/envs/damask/lib -lmpi_mpifh -lgfortran" --COPTFLAGS=-O3 --CXXOPTFLAGS=-O3 --FOPTFLAGS=-O3 --with-clib-autodetect=0 --with-cxxlib-autodetect=0 --with-fortranlib-autodetect=0 --with-debugging=0 --with-blas-lib=libblas.so --with-lapack-lib=liblapack.so --with-yaml=1 --with-hdf5=1 --with-fftw=1 --with-hwloc=0 --with-hypre=1 --with-metis=1 --with-mpi=1 --with-mumps=1 --with-parmetis=1 --with-pthread=1 --with-ptscotch=1 --with-shared-libraries --with-ssl=0 --with-scalapack=1 --with-superlu=1 --with-superlu_dist=1 --with-superlu_dist-include=/home/doelz-admin/miniforge/envs/damask/include/superlu-dist --with-superlu_dist-lib=-lsuperlu_dist --with-suitesparse=1 --with-suitesparse-dir=/home/doelz-admin/miniforge/envs/damask --with-x=0 --with-scalar-type=real   --with-cuda=0 --prefix=/home/doelz-admin/miniforge/envs/damask
[0]PETSC ERROR: #1 SNESNGMRESFormCombinedSolution_Private() at /home/conda/feedstock_root/build_artifacts/petsc_1736236456220/work/src/snes/impls/ngmres/ngmresfunc.c:93
[0]PETSC ERROR: #2 SNESSolve_NGMRES() at /home/conda/feedstock_root/build_artifacts/petsc_1736236456220/work/src/snes/impls/ngmres/snesngmres.c:251
[0]PETSC ERROR: #3 SNESSolve() at /home/conda/feedstock_root/build_artifacts/petsc_1736236456220/work/src/snes/interface/snes.c:4839

 ###########################################################################
 Time  4.11280E+02s: Increment 2/2-2/2 of load case 11/11
 Increment 42/42-2/2 @ Iteration 1≤0≤100

 deformation gradient aim       =
   1.4999996    0.0000000    0.0000000
   0.0000000    0.8671724    0.0000000
   0.0000000    0.0000000    0.7691421

 ... doing gamma convolution ...............................................

 ... evaluating constitutive response ......................................
  Cell        13183  failed (mechanics)
  Cell            1  failed (mechanics)
  Cell         8789  failed (mechanics)
  Cell         4395  failed (mechanics)

 Piola--Kirchhoff stress       / MPa =
      197.6605       -19.7315        -2.5402
      -11.4070       -17.9800        -1.5605
       -1.3025        -1.3841       -52.6023

 cutting back 

 ###########################################################################
 Time  4.11280E+02s: Increment 2/2-3/4 of load case 11/11
 Increment 42/42-3/4 @ Iteration 1≤0≤100

 deformation gradient aim       =
   1.4999996    0.0000000    0.0000000
   0.0000000    0.8671724    0.0000000
   0.0000000    0.0000000    0.7691421

 ... doing gamma convolution ...............................................

 ... evaluating constitutive response ......................................
  Cell            1  failed (mechanics)
  Cell         8789  failed (mechanics)

 Piola--Kirchhoff stress       / MPa =
      197.6605       -19.7315        -2.5402
      -11.4070       -17.9800        -1.5605
       -1.3025        -1.3841       -52.6023

 ... reporting .............................................................

 error divergence =         0.21 (2.09E+04 / m, tol =  9.88E+04)
 error curl       = ************ (2.65E+75 -,   tol =  2.50E-04)
 error mech BC    = ************ (1.29E+69 Pa,  tol =  1.98E+05)

 ===========================================================================
 Increment 42/42-3/4 @ Iteration 1≤1≤100

 deformation gradient aim       =
   1.4999996    0.0000000    0.0000000
   0.0000000    0.8671724    0.0000000
   0.0000000    0.0000000    0.7691421

 ... doing gamma convolution ...............................................

 ... evaluating constitutive response ......................................
  Cell         8789  failed (mechanics)

 Piola--Kirchhoff stress       / MPa =
      197.6605       -19.7315        -2.5402
      -11.4070       -17.9800        -1.5605
       -1.3025        -1.3841       -52.6023
[0]PETSC ERROR: --------------------- Error Message --------------------------------------------------------------
[0]PETSC ERROR:   It appears a new error in the code was triggered after a previous error, possibly because:
[0]PETSC ERROR:   -  The first error was not properly handled via (for example) the use of
[0]PETSC ERROR:      PetscCall(TheFunctionThatErrors()); or
[0]PETSC ERROR:   -  The second error was triggered while handling the first error.
[0]PETSC ERROR:   Above is the traceback for the previous unhandled error, below the traceback for the next error
[0]PETSC ERROR:   ALL ERRORS in the PETSc libraries are fatal, you should add the appropriate error checking to the code
[0]PETSC ERROR: Error in external library
[0]PETSC ERROR: SVD generated inconsistent output
[0]PETSC ERROR: See https://petsc.org/release/faq/ for trouble shooting.
[0]PETSC ERROR: Petsc Release Version 3.22.2, Nov 28, 2024 
[0]PETSC ERROR: DAMASK_grid with 1 MPI process(es) and PETSC_ARCH  on localhost.localdomain by doelz-admin Thu May 29 09:06:16 2025
[0]PETSC ERROR: Configure options: AR=${PREFIX}/bin/x86_64-conda-linux-gnu-ar CC=mpicc CXX=mpicxx FC=mpifort CFLAGS="-march=nocona -mtune=haswell -ftree-vectorize -fPIC -fstack-protector-strong -fno-plt -O2 -ffunction-sections -pipe -isystem /home/doelz-admin/miniforge/envs/damask/include  " CPPFLAGS="-DNDEBUG -D_FORTIFY_SOURCE=2 -O2 -isystem /home/doelz-admin/miniforge/envs/damask/include" CXXFLAGS="-fvisibility-inlines-hidden -fmessage-length=0 -march=nocona -mtune=haswell -ftree-vectorize -fPIC -fstack-protector-strong -fno-plt -O2 -ffunction-sections -pipe -isystem /home/doelz-admin/miniforge/envs/damask/include  " FFLAGS="-march=nocona -mtune=haswell -ftree-vectorize -fPIC -fstack-protector-strong -fno-plt -O2 -ffunction-sections -pipe -isystem /home/doelz-admin/miniforge/envs/damask/include -I${PREFIX}/include   -Wl,--no-as-needed" LDFLAGS="-pthread -fopenmp -Wl,-O2 -Wl,--sort-common -Wl,--as-needed -Wl,-z,relro -Wl,-z,now -Wl,--disable-new-dtags -Wl,--gc-sections -Wl,--allow-shlib-undefined -Wl,-rpath,/home/doelz-admin/miniforge/envs/damask/lib -Wl,-rpath-link,/home/doelz-admin/miniforge/envs/damask/lib -L/home/doelz-admin/miniforge/envs/damask/lib -Wl,-rpath-link,/home/doelz-admin/miniforge/envs/damask/lib" LIBS="-Wl,-rpath,/home/doelz-admin/miniforge/envs/damask/lib -lmpi_mpifh -lgfortran" --COPTFLAGS=-O3 --CXXOPTFLAGS=-O3 --FOPTFLAGS=-O3 --with-clib-autodetect=0 --with-cxxlib-autodetect=0 --with-fortranlib-autodetect=0 --with-debugging=0 --with-blas-lib=libblas.so --with-lapack-lib=liblapack.so --with-yaml=1 --with-hdf5=1 --with-fftw=1 --with-hwloc=0 --with-hypre=1 --with-metis=1 --with-mpi=1 --with-mumps=1 --with-parmetis=1 --with-pthread=1 --with-ptscotch=1 --with-shared-libraries --with-ssl=0 --with-scalapack=1 --with-superlu=1 --with-superlu_dist=1 --with-superlu_dist-include=/home/doelz-admin/miniforge/envs/damask/include/superlu-dist --with-superlu_dist-lib=-lsuperlu_dist --with-suitesparse=1 --with-suitesparse-dir=/home/doelz-admin/miniforge/envs/damask --with-x=0 --with-scalar-type=real   --with-cuda=0 --prefix=/home/doelz-admin/miniforge/envs/damask
[0]PETSC ERROR: #1 SNESNGMRESFormCombinedSolution_Private() at /home/conda/feedstock_root/build_artifacts/petsc_1736236456220/work/src/snes/impls/ngmres/ngmresfunc.c:93
[0]PETSC ERROR: #2 SNESSolve_NGMRES() at /home/conda/feedstock_root/build_artifacts/petsc_1736236456220/work/src/snes/impls/ngmres/snesngmres.c:251
[0]PETSC ERROR: #3 SNESSolve() at /home/conda/feedstock_root/build_artifacts/petsc_1736236456220/work/src/snes/interface/snes.c:4839

 ###########################################################################
 Time  4.11280E+02s: Increment 2/2-4/4 of load case 11/11
 Increment 42/42-4/4 @ Iteration 1≤0≤100

 deformation gradient aim       =
   1.4999996    0.0000000    0.0000000
   0.0000000    0.8671724    0.0000000
   0.0000000    0.0000000    0.7691421

 ... doing gamma convolution ...............................................

 ... evaluating constitutive response ......................................
  Cell            1  failed (mechanics)
  Cell         8789  failed (mechanics)

 Piola--Kirchhoff stress       / MPa =
      197.6605       -19.7315        -2.5402
      -11.4070       -17.9800        -1.5605
       -1.3025        -1.3841       -52.6023

 cutting back 

 ###########################################################################
 Time  4.11280E+02s: Increment 2/2-7/8 of load case 11/11
 Increment 42/42-7/8 @ Iteration 1≤0≤100

 deformation gradient aim       =
   1.4999996    0.0000000    0.0000000
   0.0000000    0.8671724    0.0000000
   0.0000000    0.0000000    0.7691421

 ... doing gamma convolution ...............................................

 ... evaluating constitutive response ......................................
  Cell            1  failed (mechanics)
  Cell         4395  failed (mechanics)
  Cell         8789  failed (mechanics)

 Piola--Kirchhoff stress       / MPa =
      197.6605       -19.7315        -2.5402
      -11.4070       -17.9800        -1.5605
       -1.3025        -1.3841       -52.6023

 ... reporting .............................................................

 error divergence =         0.21 (2.09E+04 / m, tol =  9.88E+04)
 error curl       = ************ (2.84E+75 -,   tol =  2.50E-04)
 error mech BC    = ************ (1.79E+68 Pa,  tol =  1.98E+05)

 ===========================================================================
 Increment 42/42-7/8 @ Iteration 1≤1≤100

 deformation gradient aim       =
   1.4999996    0.0000000    0.0000000
   0.0000000    0.8671724    0.0000000
   0.0000000    0.0000000    0.7691421

 ... doing gamma convolution ...............................................

 ... evaluating constitutive response ......................................
  Cell            1  failed (mechanics)
  Cell        13183  failed (mechanics)
  Cell         8789  failed (mechanics)

 Piola--Kirchhoff stress       / MPa =
      197.6605       -19.7315        -2.5402
      -11.4070       -17.9800        -1.5605
       -1.3025        -1.3841       -52.6023
[0]PETSC ERROR: --------------------- Error Message --------------------------------------------------------------
[0]PETSC ERROR:   It appears a new error in the code was triggered after a previous error, possibly because:
[0]PETSC ERROR:   -  The first error was not properly handled via (for example) the use of
[0]PETSC ERROR:      PetscCall(TheFunctionThatErrors()); or
[0]PETSC ERROR:   -  The second error was triggered while handling the first error.
[0]PETSC ERROR:   Above is the traceback for the previous unhandled error, below the traceback for the next error
[0]PETSC ERROR:   ALL ERRORS in the PETSc libraries are fatal, you should add the appropriate error checking to the code
[0]PETSC ERROR: Error in external library
[0]PETSC ERROR: SVD generated inconsistent output
[0]PETSC ERROR: See https://petsc.org/release/faq/ for trouble shooting.
[0]PETSC ERROR: Petsc Release Version 3.22.2, Nov 28, 2024 
[0]PETSC ERROR: DAMASK_grid with 1 MPI process(es) and PETSC_ARCH  on localhost.localdomain by doelz-admin Thu May 29 09:06:16 2025
[0]PETSC ERROR: Configure options: AR=${PREFIX}/bin/x86_64-conda-linux-gnu-ar CC=mpicc CXX=mpicxx FC=mpifort CFLAGS="-march=nocona -mtune=haswell -ftree-vectorize -fPIC -fstack-protector-strong -fno-plt -O2 -ffunction-sections -pipe -isystem /home/doelz-admin/miniforge/envs/damask/include  " CPPFLAGS="-DNDEBUG -D_FORTIFY_SOURCE=2 -O2 -isystem /home/doelz-admin/miniforge/envs/damask/include" CXXFLAGS="-fvisibility-inlines-hidden -fmessage-length=0 -march=nocona -mtune=haswell -ftree-vectorize -fPIC -fstack-protector-strong -fno-plt -O2 -ffunction-sections -pipe -isystem /home/doelz-admin/miniforge/envs/damask/include  " FFLAGS="-march=nocona -mtune=haswell -ftree-vectorize -fPIC -fstack-protector-strong -fno-plt -O2 -ffunction-sections -pipe -isystem /home/doelz-admin/miniforge/envs/damask/include -I${PREFIX}/include   -Wl,--no-as-needed" LDFLAGS="-pthread -fopenmp -Wl,-O2 -Wl,--sort-common -Wl,--as-needed -Wl,-z,relro -Wl,-z,now -Wl,--disable-new-dtags -Wl,--gc-sections -Wl,--allow-shlib-undefined -Wl,-rpath,/home/doelz-admin/miniforge/envs/damask/lib -Wl,-rpath-link,/home/doelz-admin/miniforge/envs/damask/lib -L/home/doelz-admin/miniforge/envs/damask/lib -Wl,-rpath-link,/home/doelz-admin/miniforge/envs/damask/lib" LIBS="-Wl,-rpath,/home/doelz-admin/miniforge/envs/damask/lib -lmpi_mpifh -lgfortran" --COPTFLAGS=-O3 --CXXOPTFLAGS=-O3 --FOPTFLAGS=-O3 --with-clib-autodetect=0 --with-cxxlib-autodetect=0 --with-fortranlib-autodetect=0 --with-debugging=0 --with-blas-lib=libblas.so --with-lapack-lib=liblapack.so --with-yaml=1 --with-hdf5=1 --with-fftw=1 --with-hwloc=0 --with-hypre=1 --with-metis=1 --with-mpi=1 --with-mumps=1 --with-parmetis=1 --with-pthread=1 --with-ptscotch=1 --with-shared-libraries --with-ssl=0 --with-scalapack=1 --with-superlu=1 --with-superlu_dist=1 --with-superlu_dist-include=/home/doelz-admin/miniforge/envs/damask/include/superlu-dist --with-superlu_dist-lib=-lsuperlu_dist --with-suitesparse=1 --with-suitesparse-dir=/home/doelz-admin/miniforge/envs/damask --with-x=0 --with-scalar-type=real   --with-cuda=0 --prefix=/home/doelz-admin/miniforge/envs/damask
[0]PETSC ERROR: #1 SNESNGMRESFormCombinedSolution_Private() at /home/conda/feedstock_root/build_artifacts/petsc_1736236456220/work/src/snes/impls/ngmres/ngmresfunc.c:93
[0]PETSC ERROR: #2 SNESSolve_NGMRES() at /home/conda/feedstock_root/build_artifacts/petsc_1736236456220/work/src/snes/impls/ngmres/snesngmres.c:251
[0]PETSC ERROR: #3 SNESSolve() at /home/conda/feedstock_root/build_artifacts/petsc_1736236456220/work/src/snes/interface/snes.c:4839

 ###########################################################################
 Time  4.11280E+02s: Increment 2/2-8/8 of load case 11/11
 Increment 42/42-8/8 @ Iteration 1≤0≤100

 deformation gradient aim       =
   1.4999996    0.0000000    0.0000000
   0.0000000    0.8671724    0.0000000
   0.0000000    0.0000000    0.7691421

 ... doing gamma convolution ...............................................

 ... evaluating constitutive response ......................................
  Cell            1  failed (mechanics)
  Cell         8789  failed (mechanics)

 Piola--Kirchhoff stress       / MPa =
      197.6605       -19.7315        -2.5402
      -11.4070       -17.9800        -1.5605
       -1.3025        -1.3841       -52.6023

 ┌─────────────────────────────────────────────────────────────────────┐
 │                        error 950                                    │
 ├─────────────────────────────────────────────────────────────────────┤
 │ max number of cutbacks exceeded, terminating                        │
 │                                                                     │
 └─────────────────────────────────────────────────────────────────────┘
Note: The following floating-point exceptions are signalling: IEEE_INVALID_FLAG IEEE_OVERFLOW_FLAG IEEE_UNDERFLOW_FLAG IEEE_DENORMAL IEEE_INEXACT_FLAG
STOP 1

 DAMASK terminated on:
 Date:               29/05/2025
 Time:               09:06:18
Running command: DAMASK_grid --load load_trial.yaml --geom grid.vti --material material.yaml --jobname trialLS2 --restart 40
